[0.629s] Invoking command in '/home/csg/dev_ws/build/object_msgs': /usr/bin/cmake /home/csg/dev_ws/src/general-message-pkgs/object_msgs -DCATKIN_INSTALL_INTO_PREFIX_ROOT=0 -DCMAKE_INSTALL_PREFIX=/home/csg/dev_ws/install/object_msgs
[1.269s] -- Configuring incomplete, errors occurred!
[1.270s] See also "/home/csg/dev_ws/build/object_msgs/CMakeFiles/CMakeOutput.log".
[1.272s] [0mCMake Deprecation Warning at CMakeLists.txt:1 (cmake_minimum_required):
[1.272s]   Compatibility with CMake < 2.8.12 will be removed from a future version of
[1.273s]   CMake.
[1.273s] 
[1.273s]   Update the VERSION argument <min> value or use a ...<max> suffix to tell
[1.273s]   CMake that the project does not need compatibility with older versions.
[1.273s] 
[1.273s] [0m
[1.273s] [31mCMake Error at CMakeLists.txt:7 (find_package):
[1.273s]   By not providing "Findcatkin.cmake" in CMAKE_MODULE_PATH this project has
[1.273s]   asked CMake to find a package configuration file provided by "catkin", but
[1.273s]   CMake did not find one.
[1.273s] 
[1.274s]   Could not find a package configuration file provided by "catkin" with any
[1.274s]   of the following names:
[1.274s] 
[1.274s]     catkinConfig.cmake
[1.274s]     catkin-config.cmake
[1.274s] 
[1.274s]   Add the installation prefix of "catkin" to CMAKE_PREFIX_PATH or set
[1.274s]   "catkin_DIR" to a directory containing one of the above files.  If "catkin"
[1.274s]   provides a separate development package or SDK, be sure it has been
[1.275s]   installed.
[1.275s] 
[1.275s] [0m
[1.322s] Invoked command in '/home/csg/dev_ws/build/object_msgs' returned '1': /usr/bin/cmake /home/csg/dev_ws/src/general-message-pkgs/object_msgs -DCATKIN_INSTALL_INTO_PREFIX_ROOT=0 -DCMAKE_INSTALL_PREFIX=/home/csg/dev_ws/install/object_msgs
