[0.828s] Invoking command in '/home/csg/dev_ws/build/path_navigation_msgs': /usr/bin/cmake /home/csg/dev_ws/src/general-message-pkgs/path_navigation_msgs -DCATKIN_INSTALL_INTO_PREFIX_ROOT=0 -DCMAKE_INSTALL_PREFIX=/home/csg/dev_ws/install/path_navigation_msgs
[0.849s] -- Found ament_cmake: 1.3.7 (/opt/ros/humble/share/ament_cmake/cmake)
[1.134s] -- Found rclcpp: 16.0.8 (/opt/ros/humble/share/rclcpp/cmake)
[1.186s] -- Found rosidl_generator_c: 3.1.5 (/opt/ros/humble/share/rosidl_generator_c/cmake)
[1.190s] -- Found rosidl_adapter: 3.1.5 (/opt/ros/humble/share/rosidl_adapter/cmake)
[1.200s] -- Found rosidl_generator_cpp: 3.1.5 (/opt/ros/humble/share/rosidl_generator_cpp/cmake)
[1.219s] -- Using all available rosidl_typesupport_c: rosidl_typesupport_fastrtps_c;rosidl_typesupport_introspection_c
[1.244s] -- Using all available rosidl_typesupport_cpp: rosidl_typesupport_fastrtps_cpp;rosidl_typesupport_introspection_cpp
[1.354s] -- Found rmw_implementation_cmake: 6.1.1 (/opt/ros/humble/share/rmw_implementation_cmake/cmake)
[1.356s] -- Found rmw_fastrtps_cpp: 6.2.6 (/opt/ros/humble/share/rmw_fastrtps_cpp/cmake)
[1.592s] -- Using RMW implementation 'rmw_fastrtps_cpp' as default
[1.856s] -- Found actionlib_msgs: 4.2.3 (/opt/ros/humble/share/actionlib_msgs/cmake)
[1.941s] -- Found control_msgs: 4.4.0 (/opt/ros/humble/share/control_msgs/cmake)
[2.700s] -- Found nav_msgs: 4.2.3 (/opt/ros/humble/share/nav_msgs/cmake)
[2.857s] [31mCMake Error at CMakeLists.txt:13 (find_package):
[2.858s]   By not providing "Findmessage_runtime.cmake" in CMAKE_MODULE_PATH this
[2.859s]   project has asked CMake to find a package configuration file provided by
[2.859s]   "message_runtime", but CMake did not find one.
[2.859s] 
[2.859s]   Could not find a package configuration file provided by "message_runtime"
[2.860s]   with any of the following names:
[2.860s] 
[2.860s]     message_runtimeConfig.cmake
[2.860s]     message_runtime-config.cmake
[2.860s] 
[2.860s]   Add the installation prefix of "message_runtime" to CMAKE_PREFIX_PATH or
[2.860s]   set "message_runtime_DIR" to a directory containing one of the above files.
[2.860s]   If "message_runtime" provides a separate development package or SDK, be
[2.860s]   sure it has been installed.
[2.860s] 
[2.860s] [0m
[2.861s] -- Configuring incomplete, errors occurred!
[2.861s] See also "/home/csg/dev_ws/build/path_navigation_msgs/CMakeFiles/CMakeOutput.log".
