[0.521s] Invoking command in '/home/csg/dev_ws/src/build/gazebo_world_plugin_loader': /usr/bin/cmake /home/csg/dev_ws/src/gazebo-pkgs/gazebo_world_plugin_loader -DCATKIN_INSTALL_INTO_PREFIX_ROOT=0 -DCMAKE_INSTALL_PREFIX=/home/csg/dev_ws/src/install/gazebo_world_plugin_loader
[1.179s] -- The C compiler identification is GNU 11.4.0
[1.187s] [0mCMake Deprecation Warning at CMakeLists.txt:1 (cmake_minimum_required):
[1.188s]   Compatibility with CMake < 2.8.12 will be removed from a future version of
[1.191s]   CMake.
[1.191s] 
[1.191s]   Update the VERSION argument <min> value or use a ...<max> suffix to tell
[1.191s]   CMake that the project does not need compatibility with older versions.
[1.191s] 
[1.191s] [0m
[1.244s] -- The CXX compiler identification is GNU 11.4.0
[1.269s] -- Detecting C compiler ABI info
[1.493s] -- Detecting C compiler ABI info - done
[1.513s] -- Check for working C compiler: /usr/bin/cc - skipped
[1.514s] -- Detecting C compile features
[1.515s] -- Detecting C compile features - done
[1.523s] -- Detecting CXX compiler ABI info
[1.741s] -- Detecting CXX compiler ABI info - done
[1.758s] -- Check for working CXX compiler: /usr/bin/c++ - skipped
[1.759s] -- Detecting CXX compile features
[1.761s] -- Detecting CXX compile features - done
[1.796s] [31mCMake Error at CMakeLists.txt:7 (find_package):
[1.797s]   By not providing "Findcatkin.cmake" in CMAKE_MODULE_PATH this project has
[1.797s]   asked CMake to find a package configuration file provided by "catkin", but
[1.798s]   CMake did not find one.
[1.799s] 
[1.799s]   Could not find a package configuration file provided by "catkin" with any
[1.799s]   of the following names:
[1.800s] 
[1.801s]     catkinConfig.cmake
[1.802s]     catkin-config.cmake
[1.803s] 
[1.803s]   Add the installation prefix of "catkin" to CMAKE_PREFIX_PATH or set
[1.804s]   "catkin_DIR" to a directory containing one of the above files.  If "catkin"
[1.805s]   provides a separate development package or SDK, be sure it has been
[1.805s]   installed.
[1.806s] 
[1.807s] [0m
[1.807s] -- Configuring incomplete, errors occurred!
[1.808s] See also "/home/csg/dev_ws/src/build/gazebo_world_plugin_loader/CMakeFiles/CMakeOutput.log".
[1.818s] Invoked command in '/home/csg/dev_ws/src/build/gazebo_world_plugin_loader' returned '1': /usr/bin/cmake /home/csg/dev_ws/src/gazebo-pkgs/gazebo_world_plugin_loader -DCATKIN_INSTALL_INTO_PREFIX_ROOT=0 -DCMAKE_INSTALL_PREFIX=/home/csg/dev_ws/src/install/gazebo_world_plugin_loader
