[0.752s] Invoking command in '/home/csg/dev_ws/build/gazebo_version_helpers': /usr/bin/cmake /home/csg/dev_ws/src/gazebo-pkgs/gazebo_version_helpers -DCATKIN_INSTALL_INTO_PREFIX_ROOT=0 -DCMAKE_INSTALL_PREFIX=/home/csg/dev_ws/install/gazebo_version_helpers
[1.492s] -- The C compiler identification is GNU 11.4.0
[1.495s] -- The CXX compiler identification is GNU 11.4.0
[1.495s] -- Detecting C compiler ABI info
[1.496s] -- Detecting C compiler ABI info - done
[1.497s] -- Check for working C compiler: /usr/bin/cc - skipped
[1.498s] -- Detecting C compile features
[1.499s] -- Detecting C compile features - done
[1.499s] -- Detecting CXX compiler ABI info
[1.501s] [0mCMake Deprecation Warning at CMakeLists.txt:1 (cmake_minimum_required):
[1.501s]   Compatibility with CMake < 2.8.12 will be removed from a future version of
[1.502s]   CMake.
[1.502s] 
[1.503s]   Update the VERSION argument <min> value or use a ...<max> suffix to tell
[1.503s]   CMake that the project does not need compatibility with older versions.
[1.505s] 
[1.506s] [0m
[1.587s] -- Detecting CXX compiler ABI info - done
[1.605s] -- Check for working CXX compiler: /usr/bin/c++ - skipped
[1.605s] -- Detecting CXX compile features
[1.606s] -- Detecting CXX compile features - done
[1.673s] [31mCMake Error at CMakeLists.txt:10 (find_package):
[1.673s]   By not providing "Findcatkin.cmake" in CMAKE_MODULE_PATH this project has
[1.673s]   asked CMake to find a package configuration file provided by "catkin", but
[1.673s]   CMake did not find one.
[1.674s] 
[1.674s]   Could not find a package configuration file provided by "catkin" with any
[1.674s]   of the following names:
[1.674s] 
[1.674s]     catkinConfig.cmake
[1.674s]     catkin-config.cmake
[1.674s] 
[1.674s]   Add the installation prefix of "catkin" to CMAKE_PREFIX_PATH or set
[1.674s]   "catkin_DIR" to a directory containing one of the above files.  If "catkin"
[1.674s]   provides a separate development package or SDK, be sure it has been
[1.674s]   installed.
[1.674s] 
[1.675s] [0m
[1.675s] -- Configuring incomplete, errors occurred!
[1.675s] See also "/home/csg/dev_ws/build/gazebo_version_helpers/CMakeFiles/CMakeOutput.log".
[1.705s] Invoked command in '/home/csg/dev_ws/build/gazebo_version_helpers' returned '1': /usr/bin/cmake /home/csg/dev_ws/src/gazebo-pkgs/gazebo_version_helpers -DCATKIN_INSTALL_INTO_PREFIX_ROOT=0 -DCMAKE_INSTALL_PREFIX=/home/csg/dev_ws/install/gazebo_version_helpers
