[0.628s] Invoking command in '/home/csg/dev_ws/build/object_msgs': /usr/bin/cmake /home/csg/dev_ws/src/general-message-pkgs/object_msgs -DCATKIN_INSTALL_INTO_PREFIX_ROOT=0 -DCMAKE_INSTALL_PREFIX=/home/csg/dev_ws/install/object_msgs
[1.375s] -- The C compiler identification is GNU 11.4.0
[1.375s] -- The CXX compiler identification is GNU 11.4.0
[1.376s] -- Detecting C compiler ABI info
[1.376s] -- Detecting C compiler ABI info - done
[1.377s] -- Check for working C compiler: /usr/bin/cc - skipped
[1.377s] -- Detecting C compile features
[1.378s] -- Detecting C compile features - done
[1.380s] -- Detecting CXX compiler ABI info
[1.380s] [0mCMake Deprecation Warning at CMakeLists.txt:1 (cmake_minimum_required):
[1.380s]   Compatibility with CMake < 2.8.12 will be removed from a future version of
[1.381s]   CMake.
[1.381s] 
[1.381s]   Update the VERSION argument <min> value or use a ...<max> suffix to tell
[1.381s]   CMake that the project does not need compatibility with older versions.
[1.381s] 
[1.381s] [0m
[1.489s] -- Detecting CXX compiler ABI info - done
[1.506s] -- Check for working CXX compiler: /usr/bin/c++ - skipped
[1.507s] -- Detecting CXX compile features
[1.508s] -- Detecting CXX compile features - done
[1.537s] [31mCMake Error at CMakeLists.txt:7 (find_package):
[1.537s]   By not providing "Findcatkin.cmake" in CMAKE_MODULE_PATH this project has
[1.537s]   asked CMake to find a package configuration file provided by "catkin", but
[1.539s]   CMake did not find one.
[1.539s] 
[1.539s]   Could not find a package configuration file provided by "catkin" with any
[1.539s]   of the following names:
[1.539s] 
[1.539s]     catkinConfig.cmake
[1.540s]     catkin-config.cmake
[1.540s] 
[1.540s]   Add the installation prefix of "catkin" to CMAKE_PREFIX_PATH or set
[1.540s]   "catkin_DIR" to a directory containing one of the above files.  If "catkin"
[1.540s]   provides a separate development package or SDK, be sure it has been
[1.540s]   installed.
[1.540s] 
[1.540s] [0m
[1.542s] -- Configuring incomplete, errors occurred!
[1.542s] See also "/home/csg/dev_ws/build/object_msgs/CMakeFiles/CMakeOutput.log".
[1.547s] Invoked command in '/home/csg/dev_ws/build/object_msgs' returned '1': /usr/bin/cmake /home/csg/dev_ws/src/general-message-pkgs/object_msgs -DCATKIN_INSTALL_INTO_PREFIX_ROOT=0 -DCMAKE_INSTALL_PREFIX=/home/csg/dev_ws/install/object_msgs
