[0.901s] Invoking command in '/home/csg/dev_ws/build/path_navigation_msgs': /usr/bin/cmake /home/csg/dev_ws/src/general-message-pkgs/path_navigation_msgs -DCATKIN_INSTALL_INTO_PREFIX_ROOT=0 -DCMAKE_INSTALL_PREFIX=/home/csg/dev_ws/install/path_navigation_msgs
[0.904s] [0mCMake Deprecation Warning at CMakeLists.txt:1 (cmake_minimum_required):
[0.904s]   Compatibility with CMake < 2.8.12 will be removed from a future version of
[0.904s]   CMake.
[0.904s] 
[0.905s]   Update the VERSION argument <min> value or use a ...<max> suffix to tell
[0.905s]   CMake that the project does not need compatibility with older versions.
[0.905s] 
[0.905s] [0m
[1.071s] -- The C compiler identification is GNU 11.4.0
[1.191s] -- The CXX compiler identification is GNU 11.4.0
[1.208s] -- Detecting C compiler ABI info
[1.384s] -- Detecting C compiler ABI info - done
[1.397s] -- Check for working C compiler: /usr/bin/cc - skipped
[1.398s] -- Detecting C compile features
[1.398s] -- Detecting C compile features - done
[1.403s] -- Detecting CXX compiler ABI info
[1.597s] -- Detecting CXX compiler ABI info - done
[1.610s] -- Check for working CXX compiler: /usr/bin/c++ - skipped
[1.611s] -- Detecting CXX compile features
[1.612s] -- Detecting CXX compile features - done
[1.638s] -- Configuring incomplete, errors occurred!
[1.638s] See also "/home/csg/dev_ws/build/path_navigation_msgs/CMakeFiles/CMakeOutput.log".
[1.639s] [31mCMake Error at CMakeLists.txt:7 (find_package):
[1.639s]   By not providing "Findcatkin.cmake" in CMAKE_MODULE_PATH this project has
[1.639s]   asked CMake to find a package configuration file provided by "catkin", but
[1.639s]   CMake did not find one.
[1.639s] 
[1.639s]   Could not find a package configuration file provided by "catkin" with any
[1.639s]   of the following names:
[1.639s] 
[1.639s]     catkinConfig.cmake
[1.639s]     catkin-config.cmake
[1.640s] 
[1.640s]   Add the installation prefix of "catkin" to CMAKE_PREFIX_PATH or set
[1.640s]   "catkin_DIR" to a directory containing one of the above files.  If "catkin"
[1.640s]   provides a separate development package or SDK, be sure it has been
[1.640s]   installed.
[1.640s] 
[1.640s] [0m
