[0.726s] Invoking command in '/home/csg/dev_ws/build/gazebo_version_helpers': /usr/bin/cmake /home/csg/dev_ws/src/gazebo-pkgs/gazebo_version_helpers -DCATKIN_INSTALL_INTO_PREFIX_ROOT=0 -DCMAKE_INSTALL_PREFIX=/home/csg/dev_ws/install/gazebo_version_helpers
[1.369s] -- Configuring incomplete, errors occurred!
[1.369s] See also "/home/csg/dev_ws/build/gazebo_version_helpers/CMakeFiles/CMakeOutput.log".
[1.370s] [0mCMake Deprecation Warning at CMakeLists.txt:1 (cmake_minimum_required):
[1.373s]   Compatibility with CMake < 2.8.12 will be removed from a future version of
[1.375s]   CMake.
[1.375s] 
[1.375s]   Update the VERSION argument <min> value or use a ...<max> suffix to tell
[1.379s]   CMake that the project does not need compatibility with older versions.
[1.382s] 
[1.383s] [0m
[1.384s] [31mCMake Error at CMakeLists.txt:10 (find_package):
[1.384s]   By not providing "Findcatkin.cmake" in CMAKE_MODULE_PATH this project has
[1.385s]   asked CMake to find a package configuration file provided by "catkin", but
[1.385s]   CMake did not find one.
[1.385s] 
[1.386s]   Could not find a package configuration file provided by "catkin" with any
[1.386s]   of the following names:
[1.394s] 
[1.396s]     catkinConfig.cmake
[1.397s]     catkin-config.cmake
[1.398s] 
[1.398s]   Add the installation prefix of "catkin" to CMAKE_PREFIX_PATH or set
[1.399s]   "catkin_DIR" to a directory containing one of the above files.  If "catkin"
[1.400s]   provides a separate development package or SDK, be sure it has been
[1.401s]   installed.
[1.401s] 
[1.402s] [0m
[1.426s] Invoked command in '/home/csg/dev_ws/build/gazebo_version_helpers' returned '1': /usr/bin/cmake /home/csg/dev_ws/src/gazebo-pkgs/gazebo_version_helpers -DCATKIN_INSTALL_INTO_PREFIX_ROOT=0 -DCMAKE_INSTALL_PREFIX=/home/csg/dev_ws/install/gazebo_version_helpers
