[0.619s] Invoking command in '/home/csg/dev_ws/build/object_msgs': /usr/bin/cmake /home/csg/dev_ws/src/general-message-pkgs/object_msgs -DCATKIN_INSTALL_INTO_PREFIX_ROOT=0 -DCMAKE_INSTALL_PREFIX=/home/csg/dev_ws/install/object_msgs
[1.290s] [0mCMake Deprecation Warning at CMakeLists.txt:1 (cmake_minimum_required):
[1.291s]   Compatibility with CMake < 2.8.12 will be removed from a future version of
[1.293s]   CMake.
[1.293s] 
[1.294s]   Update the VERSION argument <min> value or use a ...<max> suffix to tell
[1.294s]   CMake that the project does not need compatibility with older versions.
[1.294s] 
[1.295s] [0m
[1.295s] [31mCMake Error at CMakeLists.txt:7 (find_package):
[1.295s]   By not providing "Findcatkin.cmake" in CMAKE_MODULE_PATH this project has
[1.295s]   asked CMake to find a package configuration file provided by "catkin", but
[1.296s]   CMake did not find one.
[1.296s] 
[1.296s]   Could not find a package configuration file provided by "catkin" with any
[1.299s]   of the following names:
[1.300s] 
[1.300s]     catkinConfig.cmake
[1.300s]     catkin-config.cmake
[1.300s] 
[1.302s]   Add the installation prefix of "catkin" to CMAKE_PREFIX_PATH or set
[1.303s]   "catkin_DIR" to a directory containing one of the above files.  If "catkin"
[1.303s]   provides a separate development package or SDK, be sure it has been
[1.303s]   installed.
[1.303s] 
[1.303s] [0m
[1.304s] -- Configuring incomplete, errors occurred!
[1.305s] See also "/home/csg/dev_ws/build/object_msgs/CMakeFiles/CMakeOutput.log".
[1.314s] Invoked command in '/home/csg/dev_ws/build/object_msgs' returned '1': /usr/bin/cmake /home/csg/dev_ws/src/general-message-pkgs/object_msgs -DCATKIN_INSTALL_INTO_PREFIX_ROOT=0 -DCMAKE_INSTALL_PREFIX=/home/csg/dev_ws/install/object_msgs
