[0.838s] Invoking command in '/home/csg/dev_ws/build/path_navigation_msgs': /usr/bin/cmake /home/csg/dev_ws/src/general-message-pkgs/path_navigation_msgs -DCATKIN_INSTALL_INTO_PREFIX_ROOT=0 -DCMAKE_INSTALL_PREFIX=/home/csg/dev_ws/install/path_navigation_msgs
[0.862s] -- Found ament_cmake: 1.3.7 (/opt/ros/humble/share/ament_cmake/cmake)
[1.144s] -- Found rclcpp: 16.0.8 (/opt/ros/humble/share/rclcpp/cmake)
[1.338s] -- Found rosidl_generator_c: 3.1.5 (/opt/ros/humble/share/rosidl_generator_c/cmake)
[1.358s] -- Found rosidl_adapter: 3.1.5 (/opt/ros/humble/share/rosidl_adapter/cmake)
[1.395s] -- Found rosidl_generator_cpp: 3.1.5 (/opt/ros/humble/share/rosidl_generator_cpp/cmake)
[1.463s] -- Using all available rosidl_typesupport_c: rosidl_typesupport_fastrtps_c;rosidl_typesupport_introspection_c
[1.533s] -- Using all available rosidl_typesupport_cpp: rosidl_typesupport_fastrtps_cpp;rosidl_typesupport_introspection_cpp
[1.776s] -- Found rmw_implementation_cmake: 6.1.1 (/opt/ros/humble/share/rmw_implementation_cmake/cmake)
[1.791s] -- Found rmw_fastrtps_cpp: 6.2.6 (/opt/ros/humble/share/rmw_fastrtps_cpp/cmake)
[2.119s] -- Found OpenSSL: /usr/lib/x86_64-linux-gnu/libcrypto.so (found version "3.0.2")  
[2.184s] -- Found FastRTPS: /opt/ros/humble/include  
[2.282s] -- Using RMW implementation 'rmw_fastrtps_cpp' as default
[2.322s] -- Looking for pthread.h
[2.517s] -- Looking for pthread.h - found
[2.517s] -- Performing Test CMAKE_HAVE_LIBC_PTHREAD
[2.701s] -- Performing Test CMAKE_HAVE_LIBC_PTHREAD - Success
[2.703s] -- Found Threads: TRUE  
[3.070s] -- Found actionlib_msgs: 4.2.3 (/opt/ros/humble/share/actionlib_msgs/cmake)
[3.195s] -- Found control_msgs: 4.4.0 (/opt/ros/humble/share/control_msgs/cmake)
[4.186s] -- Found nav_msgs: 4.2.3 (/opt/ros/humble/share/nav_msgs/cmake)
[4.371s] [31mCMake Error at CMakeLists.txt:13 (find_package):
[4.372s]   By not providing "Findmessage_runtime.cmake" in CMAKE_MODULE_PATH this
[4.372s]   project has asked CMake to find a package configuration file provided by
[4.372s]   "message_runtime", but CMake did not find one.
[4.372s] 
[4.372s]   Could not find a package configuration file provided by "message_runtime"
[4.372s]   with any of the following names:
[4.372s] 
[4.372s]     message_runtimeConfig.cmake
[4.372s]     message_runtime-config.cmake
[4.373s] 
[4.373s]   Add the installation prefix of "message_runtime" to CMAKE_PREFIX_PATH or
[4.373s]   set "message_runtime_DIR" to a directory containing one of the above files.
[4.373s]   If "message_runtime" provides a separate development package or SDK, be
[4.373s]   sure it has been installed.
[4.373s] 
[4.373s] [0m
[4.373s] -- Configuring incomplete, errors occurred!
[4.373s] See also "/home/csg/dev_ws/build/path_navigation_msgs/CMakeFiles/CMakeOutput.log".
