[35m[1mConsolidate compiler generated dependencies of target gazebo_grasp_msgs[0m
[ 50%] Built target gazebo_grasp_msgs
[35m[1mConsolidate compiler generated dependencies of target gazebo_grasp_fix[0m
[100%] Built target gazebo_grasp_fix
-- Install configuration: ""
-- Up-to-date: /home/csg/dev_ws/install/gazebo_grasp_plugin/lib/libgazebo_grasp_fix.so
-- Up-to-date: /home/csg/dev_ws/install/gazebo_grasp_plugin/lib/libgazebo_grasp_msgs.so
-- Up-to-date: /home/csg/dev_ws/install/gazebo_grasp_plugin/include
-- Up-to-date: /home/csg/dev_ws/install/gazebo_grasp_plugin/include/gazebo_grasp_plugin
-- Up-to-date: /home/csg/dev_ws/install/gazebo_grasp_plugin/include/gazebo_grasp_plugin/GazeboGraspGripper.h
-- Up-to-date: /home/csg/dev_ws/install/gazebo_grasp_plugin/include/gazebo_grasp_plugin/GazeboGraspFix.h
-- Up-to-date: /home/csg/dev_ws/install/gazebo_grasp_plugin/include/gazebo_grasp_plugin/gazebo_grasp_plugin
-- Up-to-date: /home/csg/dev_ws/install/gazebo_grasp_plugin/include/gazebo_grasp_plugin/gazebo_grasp_plugin/msgs
-- Up-to-date: /home/csg/dev_ws/install/gazebo_grasp_plugin/include/gazebo_grasp_plugin/gazebo_grasp_plugin/msgs/grasp_event.pb.h
-- Up-to-date: /home/csg/dev_ws/install/gazebo_grasp_plugin/include/gazebo_grasp_plugin/gazebo_grasp_plugin/ament_cmake_environment_hooks
-- Up-to-date: /home/csg/dev_ws/install/gazebo_grasp_plugin/include/gazebo_grasp_plugin/gazebo_grasp_plugin/ament_cmake_index
-- Up-to-date: /home/csg/dev_ws/install/gazebo_grasp_plugin/include/gazebo_grasp_plugin/gazebo_grasp_plugin/ament_cmake_index/share
-- Up-to-date: /home/csg/dev_ws/install/gazebo_grasp_plugin/include/gazebo_grasp_plugin/gazebo_grasp_plugin/ament_cmake_index/share/ament_index
-- Up-to-date: /home/csg/dev_ws/install/gazebo_grasp_plugin/include/gazebo_grasp_plugin/gazebo_grasp_plugin/ament_cmake_index/share/ament_index/resource_index
-- Up-to-date: /home/csg/dev_ws/install/gazebo_grasp_plugin/include/gazebo_grasp_plugin/gazebo_grasp_plugin/ament_cmake_index/share/ament_index/resource_index/parent_prefix_path
-- Up-to-date: /home/csg/dev_ws/install/gazebo_grasp_plugin/include/gazebo_grasp_plugin/gazebo_grasp_plugin/ament_cmake_index/share/ament_index/resource_index/package_run_dependencies
-- Up-to-date: /home/csg/dev_ws/install/gazebo_grasp_plugin/include/gazebo_grasp_plugin/gazebo_grasp_plugin/ament_cmake_index/share/ament_index/resource_index/packages
-- Up-to-date: /home/csg/dev_ws/install/gazebo_grasp_plugin/include/gazebo_grasp_plugin/gazebo_grasp_plugin/ament_cmake_export_dependencies
-- Up-to-date: /home/csg/dev_ws/install/gazebo_grasp_plugin/include/gazebo_grasp_plugin/gazebo_grasp_plugin/ament_cmake_core
-- Up-to-date: /home/csg/dev_ws/install/gazebo_grasp_plugin/include/gazebo_grasp_plugin/gazebo_grasp_plugin/ament_cmake_core/stamps
-- Up-to-date: /home/csg/dev_ws/install/gazebo_grasp_plugin/include/gazebo_grasp_plugin/gazebo_grasp_plugin/ament_cmake_export_include_directories
-- Up-to-date: /home/csg/dev_ws/install/gazebo_grasp_plugin/include/gazebo_grasp_plugin/gazebo_grasp_plugin/grasp_event.pb.h
-- Up-to-date: /home/csg/dev_ws/install/gazebo_grasp_plugin/include/gazebo_grasp_plugin/gazebo_grasp_plugin/ament_cmake_package_templates
-- Up-to-date: /home/csg/dev_ws/install/gazebo_grasp_plugin/include/gazebo_grasp_plugin/gazebo_grasp_plugin/ament_cmake_export_libraries
-- Up-to-date: /home/csg/dev_ws/install/gazebo_grasp_plugin/include/gazebo_grasp_plugin/gazebo_grasp_plugin/ament_cmake_uninstall_target
-- Up-to-date: /home/csg/dev_ws/install/gazebo_grasp_plugin/include/gazebo_grasp_plugin/gazebo_grasp_plugin/CMakeFiles
-- Up-to-date: /home/csg/dev_ws/install/gazebo_grasp_plugin/include/gazebo_grasp_plugin/gazebo_grasp_plugin/CMakeFiles/gazebo_grasp_msgs.dir
-- Up-to-date: /home/csg/dev_ws/install/gazebo_grasp_plugin/include/gazebo_grasp_plugin/gazebo_grasp_plugin/CMakeFiles/CMakeTmp
-- Up-to-date: /home/csg/dev_ws/install/gazebo_grasp_plugin/include/gazebo_grasp_plugin/gazebo_grasp_plugin/CMakeFiles/gazebo_grasp_plugin_uninstall.dir
-- Up-to-date: /home/csg/dev_ws/install/gazebo_grasp_plugin/include/gazebo_grasp_plugin/gazebo_grasp_plugin/CMakeFiles/uninstall.dir
-- Up-to-date: /home/csg/dev_ws/install/gazebo_grasp_plugin/include/gazebo_grasp_plugin/gazebo_grasp_plugin/CMakeFiles/3.22.1
-- Up-to-date: /home/csg/dev_ws/install/gazebo_grasp_plugin/include/gazebo_grasp_plugin/gazebo_grasp_plugin/CMakeFiles/3.22.1/CompilerIdC
-- Up-to-date: /home/csg/dev_ws/install/gazebo_grasp_plugin/include/gazebo_grasp_plugin/gazebo_grasp_plugin/CMakeFiles/3.22.1/CompilerIdC/tmp
-- Up-to-date: /home/csg/dev_ws/install/gazebo_grasp_plugin/include/gazebo_grasp_plugin/gazebo_grasp_plugin/CMakeFiles/3.22.1/CompilerIdCXX
-- Up-to-date: /home/csg/dev_ws/install/gazebo_grasp_plugin/include/gazebo_grasp_plugin/gazebo_grasp_plugin/CMakeFiles/3.22.1/CompilerIdCXX/tmp
-- Up-to-date: /home/csg/dev_ws/install/gazebo_grasp_plugin/include/gazebo_grasp_plugin/gazebo_grasp_plugin/CMakeFiles/gazebo_grasp_fix.dir
-- Up-to-date: /home/csg/dev_ws/install/gazebo_grasp_plugin/include/gazebo_grasp_plugin/gazebo_grasp_plugin/CMakeFiles/gazebo_grasp_fix.dir/src
-- Up-to-date: /home/csg/dev_ws/install/gazebo_grasp_plugin/share/gazebo_grasp_plugin/environment/library_path.sh
-- Up-to-date: /home/csg/dev_ws/install/gazebo_grasp_plugin/share/gazebo_grasp_plugin/environment/library_path.dsv
-- Up-to-date: /home/csg/dev_ws/install/gazebo_grasp_plugin/share/ament_index/resource_index/package_run_dependencies/gazebo_grasp_plugin
-- Up-to-date: /home/csg/dev_ws/install/gazebo_grasp_plugin/share/ament_index/resource_index/parent_prefix_path/gazebo_grasp_plugin
-- Up-to-date: /home/csg/dev_ws/install/gazebo_grasp_plugin/share/gazebo_grasp_plugin/environment/ament_prefix_path.sh
-- Up-to-date: /home/csg/dev_ws/install/gazebo_grasp_plugin/share/gazebo_grasp_plugin/environment/ament_prefix_path.dsv
-- Up-to-date: /home/csg/dev_ws/install/gazebo_grasp_plugin/share/gazebo_grasp_plugin/environment/path.sh
-- Up-to-date: /home/csg/dev_ws/install/gazebo_grasp_plugin/share/gazebo_grasp_plugin/environment/path.dsv
-- Up-to-date: /home/csg/dev_ws/install/gazebo_grasp_plugin/share/gazebo_grasp_plugin/local_setup.bash
-- Up-to-date: /home/csg/dev_ws/install/gazebo_grasp_plugin/share/gazebo_grasp_plugin/local_setup.sh
-- Up-to-date: /home/csg/dev_ws/install/gazebo_grasp_plugin/share/gazebo_grasp_plugin/local_setup.zsh
-- Up-to-date: /home/csg/dev_ws/install/gazebo_grasp_plugin/share/gazebo_grasp_plugin/local_setup.dsv
-- Installing: /home/csg/dev_ws/install/gazebo_grasp_plugin/share/gazebo_grasp_plugin/package.dsv
-- Up-to-date: /home/csg/dev_ws/install/gazebo_grasp_plugin/share/ament_index/resource_index/packages/gazebo_grasp_plugin
-- Up-to-date: /home/csg/dev_ws/install/gazebo_grasp_plugin/share/gazebo_grasp_plugin/cmake/ament_cmake_export_include_directories-extras.cmake
-- Up-to-date: /home/csg/dev_ws/install/gazebo_grasp_plugin/share/gazebo_grasp_plugin/cmake/ament_cmake_export_libraries-extras.cmake
-- Up-to-date: /home/csg/dev_ws/install/gazebo_grasp_plugin/share/gazebo_grasp_plugin/cmake/ament_cmake_export_dependencies-extras.cmake
-- Up-to-date: /home/csg/dev_ws/install/gazebo_grasp_plugin/share/gazebo_grasp_plugin/cmake/gazebo_grasp_pluginConfig.cmake
-- Up-to-date: /home/csg/dev_ws/install/gazebo_grasp_plugin/share/gazebo_grasp_plugin/cmake/gazebo_grasp_pluginConfig-version.cmake
-- Up-to-date: /home/csg/dev_ws/install/gazebo_grasp_plugin/share/gazebo_grasp_plugin/package.xml
