[33mCMake Warning (dev) at CMakeLists.txt:29:
  Syntax Warning in cmake code at column 19

  Argument not separated from preceding token by whitespace.
This warning is for project developers.  Use -Wno-dev to suppress it.
[0m
-- Found ament_cmake: 1.3.8 (/opt/ros/humble/share/ament_cmake/cmake)
-- Found Python3: /usr/bin/python3 (found version "3.10.12") found components: Interpreter 
-- Found ament_lint_auto: 0.12.10 (/opt/ros/humble/share/ament_lint_auto/cmake)
-- Found rosidl_default_generators: 1.2.0 (/opt/ros/humble/share/rosidl_default_generators/cmake)
-- Using all available rosidl_typesupport_c: rosidl_typesupport_fastrtps_c;rosidl_typesupport_introspection_c
-- Found rosidl_adapter: 3.1.5 (/opt/ros/humble/share/rosidl_adapter/cmake)
-- Using all available rosidl_typesupport_cpp: rosidl_typesupport_fastrtps_cpp;rosidl_typesupport_introspection_cpp
-- Configuring incomplete, errors occurred!
See also "/home/csg/dev_ws/build/interfaces/CMakeFiles/CMakeOutput.log".
[31mCMake Error at /opt/ros/humble/share/rosidl_cmake/cmake/rosidl_generate_interfaces.cmake:93 (message):
  rosidl_generate_interfaces() the passed file ',' doesn't exist relative to
  the CMAKE_CURRENT_SOURCE_DIR '/home/csg/dev_ws/src/interfaces'
Call Stack (most recent call first):
  CMakeLists.txt:28 (rosidl_generate_interfaces)

[0m
gmake: *** [Makefile:747: cmake_check_build_system] Error 1
