[ 50%] [32mBuilding CXX object CMakeFiles/gazebo_version_helpers.dir/src/GazeboVersionHelpers.cpp.o[0m
[100%] [32m[1mLinking CXX shared library libgazebo_version_helpers.so[0m
[100%] Built target gazebo_version_helpers
-- Install configuration: ""
-- Installing: /home/csg/dev_ws/install/gazebo_version_helpers/lib/libgazebo_version_helpers.so
-- Set runtime path of "/home/csg/dev_ws/install/gazebo_version_helpers/lib/libgazebo_version_helpers.so" to ""
-- Up-to-date: /home/csg/dev_ws/install/gazebo_version_helpers/include
-- Up-to-date: /home/csg/dev_ws/install/gazebo_version_helpers/include/gazebo_version_helpers
-- Up-to-date: /home/csg/dev_ws/install/gazebo_version_helpers/include/gazebo_version_helpers/GazeboVersionHelpers.h
-- Up-to-date: /home/csg/dev_ws/install/gazebo_version_helpers/share/gazebo_version_helpers/environment/library_path.sh
-- Up-to-date: /home/csg/dev_ws/install/gazebo_version_helpers/share/gazebo_version_helpers/environment/library_path.dsv
-- Up-to-date: /home/csg/dev_ws/install/gazebo_version_helpers/share/ament_index/resource_index/package_run_dependencies/gazebo_version_helpers
-- Up-to-date: /home/csg/dev_ws/install/gazebo_version_helpers/share/ament_index/resource_index/parent_prefix_path/gazebo_version_helpers
-- Up-to-date: /home/csg/dev_ws/install/gazebo_version_helpers/share/gazebo_version_helpers/environment/ament_prefix_path.sh
-- Up-to-date: /home/csg/dev_ws/install/gazebo_version_helpers/share/gazebo_version_helpers/environment/ament_prefix_path.dsv
-- Up-to-date: /home/csg/dev_ws/install/gazebo_version_helpers/share/gazebo_version_helpers/environment/path.sh
-- Up-to-date: /home/csg/dev_ws/install/gazebo_version_helpers/share/gazebo_version_helpers/environment/path.dsv
-- Up-to-date: /home/csg/dev_ws/install/gazebo_version_helpers/share/gazebo_version_helpers/local_setup.bash
-- Up-to-date: /home/csg/dev_ws/install/gazebo_version_helpers/share/gazebo_version_helpers/local_setup.sh
-- Up-to-date: /home/csg/dev_ws/install/gazebo_version_helpers/share/gazebo_version_helpers/local_setup.zsh
-- Up-to-date: /home/csg/dev_ws/install/gazebo_version_helpers/share/gazebo_version_helpers/local_setup.dsv
-- Installing: /home/csg/dev_ws/install/gazebo_version_helpers/share/gazebo_version_helpers/package.dsv
-- Up-to-date: /home/csg/dev_ws/install/gazebo_version_helpers/share/ament_index/resource_index/packages/gazebo_version_helpers
-- Up-to-date: /home/csg/dev_ws/install/gazebo_version_helpers/share/gazebo_version_helpers/cmake/ament_cmake_export_include_directories-extras.cmake
-- Up-to-date: /home/csg/dev_ws/install/gazebo_version_helpers/share/gazebo_version_helpers/cmake/ament_cmake_export_libraries-extras.cmake
-- Up-to-date: /home/csg/dev_ws/install/gazebo_version_helpers/share/gazebo_version_helpers/cmake/ament_cmake_export_dependencies-extras.cmake
-- Up-to-date: /home/csg/dev_ws/install/gazebo_version_helpers/share/gazebo_version_helpers/cmake/gazebo_version_helpersConfig.cmake
-- Up-to-date: /home/csg/dev_ws/install/gazebo_version_helpers/share/gazebo_version_helpers/cmake/gazebo_version_helpersConfig-version.cmake
-- Up-to-date: /home/csg/dev_ws/install/gazebo_version_helpers/share/gazebo_version_helpers/package.xml
